-------------------------------------------------------------------------------
Test set: TestSuite
-------------------------------------------------------------------------------
Tests run: 1, Failures: 1, Errors: 0, Skipped: 0, Time elapsed: 0.84 s <<< FAILURE! - in TestSuite
runScenario(com.launcher.SOLID_BritannicaTestScenarioLauncher)  Time elapsed: 0.119 s  <<< FAILURE!
java.lang.NoSuchMethodError: com.aventstack.extentreports.model.Test.getLogContext()Lcom/aventstack/extentreports/model/AbstractStructure;

