<?xml version="1.0" encoding="UTF-8"?>
<testsuite xmlns:xsi="http://www.w3.org/2001/XMLSchema-instance" xsi:noNamespaceSchemaLocation="https://maven.apache.org/surefire/maven-surefire-plugin/xsd/surefire-test-report.xsd" name="TestSuite" time="0.84" tests="1" errors="0" skipped="0" failures="1">
  <properties>
[...]
</properties>
  <testcase name="runScenario" classname="com.launcher.SOLID_BritannicaTestScenarioLauncher" time="0.119">
    <failure message="com.aventstack.extentreports.model.Test.getLogContext()Lcom/aventstack/extentreports/model/AbstractStructure;" type="java.lang.NoSuchMethodError">java.lang.NoSuchMethodError: com.aventstack.extentreports.model.Test.getLogContext()Lcom/aventstack/extentreports/model/AbstractStructure;
</failure>
    <system-out><![CDATA[
Scenario: Britannica Test Scenario                                                                             &amp#27;[90m# src/test/features/BritannicaTestScenario.feature:6&amp#27;[0m
]]></system-out>
  </testcase>
</testsuite>